[debug] [2022-01-09T20:22:04.732Z] ----------------------------------------------------------------------
[debug] [2022-01-09T20:22:04.733Z] Command:       /home/georgezhai/.nvm/versions/node/v16.13.1/bin/node /home/georgezhai/.nvm/versions/node/v16.13.1/bin/firebase emulators:start
[debug] [2022-01-09T20:22:04.734Z] CLI Version:   10.0.1
[debug] [2022-01-09T20:22:04.734Z] Platform:      linux
[debug] [2022-01-09T20:22:04.734Z] Node Version:  v16.13.1
[debug] [2022-01-09T20:22:04.734Z] Time:          Sun Jan 09 2022 14:22:04 GMT-0600 (Central Standard Time)
[debug] [2022-01-09T20:22:04.734Z] ----------------------------------------------------------------------
[debug] 
[debug] [2022-01-09T20:22:04.786Z] > command requires scopes: ["email","openid","https://www.googleapis.com/auth/cloudplatformprojects.readonly","https://www.googleapis.com/auth/firebase","https://www.googleapis.com/auth/cloud-platform"]
[debug] [2022-01-09T20:22:04.786Z] > authorizing via signed-in user (georgezhai318129@gmail.com)
[info] i  emulators: Starting emulators: functions, hosting {"metadata":{"emulator":{"name":"hub"},"message":"Starting emulators: functions, hosting"}}
[debug] [2022-01-09T20:22:04.796Z] [hub] writing locator at /tmp/hub-challenge-266d2.json
[warn] ⚠  functions: The following emulators are not running, calls to these services from the Functions emulator will affect production: auth, firestore, database, pubsub, storage {"metadata":{"emulator":{"name":"functions"},"message":"The following emulators are not running, calls to these services from the Functions emulator will affect production: \u001b[1mauth, firestore, database, pubsub, storage\u001b[22m"}}
[info] ✔  functions: Using node@16 from host. {"metadata":{"emulator":{"name":"functions"},"message":"Using node@16 from host."}}
[debug] [2022-01-09T20:22:04.830Z] defaultcredentials: writing to file /home/georgezhai/.config/firebase/georgezhai318129_gmail_com_application_default_credentials.json
[debug] [2022-01-09T20:22:04.835Z] Setting GAC to /home/georgezhai/.config/firebase/georgezhai318129_gmail_com_application_default_credentials.json {"metadata":{"emulator":{"name":"functions"},"message":"Setting GAC to /home/georgezhai/.config/firebase/georgezhai318129_gmail_com_application_default_credentials.json"}}
[debug] [2022-01-09T20:22:04.836Z] >>> [apiv2][query] GET https://firebase.googleapis.com/v1beta1/projects/challenge-266d2/adminSdkConfig [none]
[debug] [2022-01-09T20:22:05.010Z] <<< [apiv2][status] GET https://firebase.googleapis.com/v1beta1/projects/challenge-266d2/adminSdkConfig 200
[debug] [2022-01-09T20:22:05.010Z] <<< [apiv2][body] GET https://firebase.googleapis.com/v1beta1/projects/challenge-266d2/adminSdkConfig {"projectId":"challenge-266d2","storageBucket":"challenge-266d2.appspot.com","locationId":"us-central"}
[debug] [2022-01-09T20:22:05.020Z] >>> [apiv2][query] GET https://firebasehosting.googleapis.com/v1beta1/projects/challenge-266d2/sites 
[debug] [2022-01-09T20:22:05.192Z] <<< [apiv2][status] GET https://firebasehosting.googleapis.com/v1beta1/projects/challenge-266d2/sites 200
[debug] [2022-01-09T20:22:05.193Z] <<< [apiv2][body] GET https://firebasehosting.googleapis.com/v1beta1/projects/challenge-266d2/sites {"sites":[{"name":"projects/595146801959/sites/challenge-266d2","defaultUrl":"https://challenge-266d2.web.app","appId":"1:595146801959:web:1d8e656e099b6e06949f02","type":"DEFAULT_SITE"}]}
[debug] [2022-01-09T20:22:05.193Z] >>> [apiv2][query] GET https://firebase.googleapis.com/v1beta1/projects/challenge-266d2/webApps/1:595146801959:web:1d8e656e099b6e06949f02/config [none]
[debug] [2022-01-09T20:22:05.511Z] <<< [apiv2][status] GET https://firebase.googleapis.com/v1beta1/projects/challenge-266d2/webApps/1:595146801959:web:1d8e656e099b6e06949f02/config 200
[debug] [2022-01-09T20:22:05.511Z] <<< [apiv2][body] GET https://firebase.googleapis.com/v1beta1/projects/challenge-266d2/webApps/1:595146801959:web:1d8e656e099b6e06949f02/config {"projectId":"challenge-266d2","appId":"1:595146801959:web:1d8e656e099b6e06949f02","storageBucket":"challenge-266d2.appspot.com","locationId":"us-central","apiKey":"AIzaSyBt_VyRVeQ31yhbCrA1eObohOhctqDTsLA","authDomain":"challenge-266d2.firebaseapp.com","messagingSenderId":"595146801959","measurementId":"G-M1Z9XBD958"}
[info] i  hosting: Serving hosting files from: build {"metadata":{"emulator":{"name":"hosting"},"message":"Serving hosting files from: \u001b[1mbuild\u001b[22m"}}
[info] ✔  hosting: Local server: http://127.0.0.1:5000 {"metadata":{"emulator":{"name":"hosting"},"message":"Local server: \u001b[4m\u001b[1mhttp://127.0.0.1:5000\u001b[22m\u001b[24m"}}
[debug] [2022-01-09T20:22:05.529Z] Ignoring unsupported arg: auto_download {"metadata":{"emulator":{"name":"ui"},"message":"Ignoring unsupported arg: auto_download"}}
[debug] [2022-01-09T20:22:05.530Z] Ignoring unsupported arg: port {"metadata":{"emulator":{"name":"ui"},"message":"Ignoring unsupported arg: port"}}
[debug] [2022-01-09T20:22:05.530Z] Starting Emulator UI with command {"binary":"node","args":["/home/georgezhai/.cache/firebase/emulators/ui-v1.6.4/server.bundle.js"],"optionalArgs":[],"joinArgs":false} {"metadata":{"emulator":{"name":"ui"},"message":"Starting Emulator UI with command {\"binary\":\"node\",\"args\":[\"/home/georgezhai/.cache/firebase/emulators/ui-v1.6.4/server.bundle.js\"],\"optionalArgs\":[],\"joinArgs\":false}"}}
[info] i  ui: Emulator UI logging to ui-debug.log {"metadata":{"emulator":{"name":"ui"},"message":"Emulator UI logging to \u001b[1mui-debug.log\u001b[22m"}}
[debug] [2022-01-09T20:22:05.584Z] Web / API server started at 127.0.0.1:4000
 {"metadata":{"emulator":{"name":"ui"},"message":"Web / API server started at 127.0.0.1:4000\n"}}
[info] i  functions: Watching "/mnt/c/Users/georg/amazon_clone/amazon_clone/functions" for Cloud Functions... {"metadata":{"emulator":{"name":"functions"},"message":"Watching \"/mnt/c/Users/georg/amazon_clone/amazon_clone/functions\" for Cloud Functions..."}}
[debug] [2022-01-09T20:22:05.795Z] [worker-pool] addWorker(~diagnostic~) {"metadata":{"emulator":{"name":"functions"},"message":"[worker-pool] addWorker(~diagnostic~)"}}
[debug] [2022-01-09T20:22:05.795Z] [worker-pool] Adding worker with key ~diagnostic~, total=1 {"metadata":{"emulator":{"name":"functions"},"message":"[worker-pool] Adding worker with key ~diagnostic~, total=1"}}
[debug] [2022-01-09T20:22:05.796Z] [worker-pool] submitWork(triggerId=) {"metadata":{"emulator":{"name":"functions"},"message":"[worker-pool] submitWork(triggerId=)"}}
[debug] [2022-01-09T20:22:05.796Z] [worker-~diagnostic~-72ebf711-49b5-43bb-921b-97b143586ab2]: Assigning socketPath: /tmp/fire_emu_7378.sock {"metadata":{"emulator":{"name":"functions"},"message":"[worker-~diagnostic~-72ebf711-49b5-43bb-921b-97b143586ab2]: Assigning socketPath: /tmp/fire_emu_7378.sock"}}
[debug] [2022-01-09T20:22:05.796Z] [worker-~diagnostic~-72ebf711-49b5-43bb-921b-97b143586ab2]: BUSY {"metadata":{"emulator":{"name":"functions"},"message":"[worker-~diagnostic~-72ebf711-49b5-43bb-921b-97b143586ab2]: BUSY"}}
[debug] [2022-01-09T20:22:05.877Z] [runtime-status] [7378] Functions runtime initialized. {"cwd":"/mnt/c/Users/georg/amazon_clone/amazon_clone/functions","node_version":"16.13.1"} {"metadata":{"emulator":{"name":"functions"},"message":"[runtime-status] [7378] Functions runtime initialized. {\"cwd\":\"/mnt/c/Users/georg/amazon_clone/amazon_clone/functions\",\"node_version\":\"16.13.1\"}"}}
[debug] [2022-01-09T20:22:05.878Z] [runtime-status] [7378] Disabled runtime features: undefined {"metadata":{"emulator":{"name":"functions"},"message":"[runtime-status] [7378] Disabled runtime features: undefined"}}
[debug] [2022-01-09T20:22:05.930Z] [runtime-status] [7378] Resolved module firebase-admin {"declared":true,"installed":true,"version":"9.12.0","resolution":"/mnt/c/Users/georg/amazon_clone/amazon_clone/functions/node_modules/firebase-admin/lib/index.js"} {"metadata":{"emulator":{"name":"functions"},"message":"[runtime-status] [7378] Resolved module firebase-admin {\"declared\":true,\"installed\":true,\"version\":\"9.12.0\",\"resolution\":\"/mnt/c/Users/georg/amazon_clone/amazon_clone/functions/node_modules/firebase-admin/lib/index.js\"}"}}
[debug] [2022-01-09T20:22:05.959Z] [runtime-status] [7378] Resolved module firebase-functions {"declared":true,"installed":true,"version":"3.16.0","resolution":"/mnt/c/Users/georg/amazon_clone/amazon_clone/functions/node_modules/firebase-functions/lib/index.js"} {"metadata":{"emulator":{"name":"functions"},"message":"[runtime-status] [7378] Resolved module firebase-functions {\"declared\":true,\"installed\":true,\"version\":\"3.16.0\",\"resolution\":\"/mnt/c/Users/georg/amazon_clone/amazon_clone/functions/node_modules/firebase-functions/lib/index.js\"}"}}
[debug] [2022-01-09T20:22:05.960Z] [runtime-status] [7378] Outgoing network have been stubbed. [{"name":"http","status":"mocked"},{"name":"http","status":"mocked"},{"name":"https","status":"mocked"},{"name":"https","status":"mocked"},{"name":"net","status":"mocked"}] {"metadata":{"emulator":{"name":"functions"},"message":"[runtime-status] [7378] Outgoing network have been stubbed. [{\"name\":\"http\",\"status\":\"mocked\"},{\"name\":\"http\",\"status\":\"mocked\"},{\"name\":\"https\",\"status\":\"mocked\"},{\"name\":\"https\",\"status\":\"mocked\"},{\"name\":\"net\",\"status\":\"mocked\"}]"}}
[debug] [2022-01-09T20:22:05.972Z] [runtime-status] [7378] Resolved module firebase-functions {"declared":true,"installed":true,"version":"3.16.0","resolution":"/mnt/c/Users/georg/amazon_clone/amazon_clone/functions/node_modules/firebase-functions/lib/index.js"} {"metadata":{"emulator":{"name":"functions"},"message":"[runtime-status] [7378] Resolved module firebase-functions {\"declared\":true,\"installed\":true,\"version\":\"3.16.0\",\"resolution\":\"/mnt/c/Users/georg/amazon_clone/amazon_clone/functions/node_modules/firebase-functions/lib/index.js\"}"}}
[debug] [2022-01-09T20:22:06.437Z] [runtime-status] [7378] Checked functions.config() {"config":{}} {"metadata":{"emulator":{"name":"functions"},"message":"[runtime-status] [7378] Checked functions.config() {\"config\":{}}"}}
[debug] [2022-01-09T20:22:06.437Z] [runtime-status] [7378] firebase-functions has been stubbed. {"functionsResolution":{"declared":true,"installed":true,"version":"3.16.0","resolution":"/mnt/c/Users/georg/amazon_clone/amazon_clone/functions/node_modules/firebase-functions/lib/index.js"}} {"metadata":{"emulator":{"name":"functions"},"message":"[runtime-status] [7378] firebase-functions has been stubbed. {\"functionsResolution\":{\"declared\":true,\"installed\":true,\"version\":\"3.16.0\",\"resolution\":\"/mnt/c/Users/georg/amazon_clone/amazon_clone/functions/node_modules/firebase-functions/lib/index.js\"}}"}}
[debug] [2022-01-09T20:22:06.450Z] [runtime-status] [7378] Resolved module firebase-functions {"declared":true,"installed":true,"version":"3.16.0","resolution":"/mnt/c/Users/georg/amazon_clone/amazon_clone/functions/node_modules/firebase-functions/lib/index.js"} {"metadata":{"emulator":{"name":"functions"},"message":"[runtime-status] [7378] Resolved module firebase-functions {\"declared\":true,\"installed\":true,\"version\":\"3.16.0\",\"resolution\":\"/mnt/c/Users/georg/amazon_clone/amazon_clone/functions/node_modules/firebase-functions/lib/index.js\"}"}}
[debug] [2022-01-09T20:22:06.471Z] [runtime-status] [7378] Resolved module firebase-admin {"declared":true,"installed":true,"version":"9.12.0","resolution":"/mnt/c/Users/georg/amazon_clone/amazon_clone/functions/node_modules/firebase-admin/lib/index.js"} {"metadata":{"emulator":{"name":"functions"},"message":"[runtime-status] [7378] Resolved module firebase-admin {\"declared\":true,\"installed\":true,\"version\":\"9.12.0\",\"resolution\":\"/mnt/c/Users/georg/amazon_clone/amazon_clone/functions/node_modules/firebase-admin/lib/index.js\"}"}}
[debug] [2022-01-09T20:22:06.482Z] [runtime-status] [7378] Resolved module firebase-functions {"declared":true,"installed":true,"version":"3.16.0","resolution":"/mnt/c/Users/georg/amazon_clone/amazon_clone/functions/node_modules/firebase-functions/lib/index.js"} {"metadata":{"emulator":{"name":"functions"},"message":"[runtime-status] [7378] Resolved module firebase-functions {\"declared\":true,\"installed\":true,\"version\":\"3.16.0\",\"resolution\":\"/mnt/c/Users/georg/amazon_clone/amazon_clone/functions/node_modules/firebase-functions/lib/index.js\"}"}}
[debug] [2022-01-09T20:22:06.482Z] [runtime-status] [7378] firebase-admin has been stubbed. {"adminResolution":{"declared":true,"installed":true,"version":"9.12.0","resolution":"/mnt/c/Users/georg/amazon_clone/amazon_clone/functions/node_modules/firebase-admin/lib/index.js"}} {"metadata":{"emulator":{"name":"functions"},"message":"[runtime-status] [7378] firebase-admin has been stubbed. {\"adminResolution\":{\"declared\":true,\"installed\":true,\"version\":\"9.12.0\",\"resolution\":\"/mnt/c/Users/georg/amazon_clone/amazon_clone/functions/node_modules/firebase-admin/lib/index.js\"}}"}}
[debug] [2022-01-09T20:22:09.702Z] [worker-~diagnostic~-72ebf711-49b5-43bb-921b-97b143586ab2]: IDLE {"metadata":{"emulator":{"name":"functions"},"message":"[worker-~diagnostic~-72ebf711-49b5-43bb-921b-97b143586ab2]: IDLE"}}
[info] ✔  functions[us-central1-api]: http function initialized (http://127.0.0.1:5001/challenge-266d2/us-central1/api). {"metadata":{"emulator":{"name":"functions"},"message":"\u001b[1mhttp\u001b[22m function initialized (http://127.0.0.1:5001/challenge-266d2/us-central1/api)."}}
[info] 
┌─────────────────────────────────────────────────────────────┐
│ ✔  All emulators ready! It is now safe to connect your app. │
│ i  View Emulator UI at http://127.0.0.1:4000                │
└─────────────────────────────────────────────────────────────┘

┌───────────┬────────────────┬─────────────────────────────────┐
│ Emulator  │ Host:Port      │ View in Emulator UI             │
├───────────┼────────────────┼─────────────────────────────────┤
│ Functions │ 127.0.0.1:5001 │ http://127.0.0.1:4000/functions │
├───────────┼────────────────┼─────────────────────────────────┤
│ Hosting   │ 127.0.0.1:5000 │ n/a                             │
└───────────┴────────────────┴─────────────────────────────────┘
  Emulator Hub running at 127.0.0.1:4400
  Other reserved ports: 4500

Issues? Report them at https://github.com/firebase/firebase-tools/issues and attach the *-debug.log files.
 
[debug] [2022-01-09T20:23:36.576Z] [work-queue] {"queueLength":1,"workRunningCount":0}
[debug] [2022-01-09T20:23:36.577Z] [work-queue] {"queueLength":0,"workRunningCount":1}
[debug] [2022-01-09T20:23:36.577Z] Accepted request POST /challenge-266d2/us-central1/api/payments/create?total=7996 --> us-central1-api
[debug] [2022-01-09T20:23:36.584Z] [worker-pool] addWorker(us-central1-api) {"metadata":{"emulator":{"name":"functions"},"message":"[worker-pool] addWorker(us-central1-api)"}}
[debug] [2022-01-09T20:23:36.585Z] [worker-pool] Adding worker with key us-central1-api, total=1 {"metadata":{"emulator":{"name":"functions"},"message":"[worker-pool] Adding worker with key us-central1-api, total=1"}}
[debug] [2022-01-09T20:23:36.585Z] [worker-pool] submitWork(triggerId=us-central1-api) {"metadata":{"emulator":{"name":"functions"},"message":"[worker-pool] submitWork(triggerId=us-central1-api)"}}
[debug] [2022-01-09T20:23:36.585Z] [worker-us-central1-api-d0fbe3ab-bb47-4751-9f32-bd6be3a332e3]: Assigning socketPath: /tmp/fire_emu_7713.sock {"metadata":{"emulator":{"name":"functions"},"message":"[worker-us-central1-api-d0fbe3ab-bb47-4751-9f32-bd6be3a332e3]: Assigning socketPath: /tmp/fire_emu_7713.sock"}}
[debug] [2022-01-09T20:23:36.585Z] [worker-us-central1-api-d0fbe3ab-bb47-4751-9f32-bd6be3a332e3]: BUSY {"metadata":{"emulator":{"name":"functions"},"message":"[worker-us-central1-api-d0fbe3ab-bb47-4751-9f32-bd6be3a332e3]: BUSY"}}
[debug] [2022-01-09T20:23:36.666Z] [runtime-status] [7713] Functions runtime initialized. {"cwd":"/mnt/c/Users/georg/amazon_clone/amazon_clone/functions","node_version":"16.13.1"} {"metadata":{"emulator":{"name":"functions"},"function":{"name":"us-central1-api"},"message":"[runtime-status] [7713] Functions runtime initialized. {\"cwd\":\"/mnt/c/Users/georg/amazon_clone/amazon_clone/functions\",\"node_version\":\"16.13.1\"}"}}
[debug] [2022-01-09T20:23:36.667Z] [runtime-status] [7713] Disabled runtime features: undefined {"metadata":{"emulator":{"name":"functions"},"function":{"name":"us-central1-api"},"message":"[runtime-status] [7713] Disabled runtime features: undefined"}}
[debug] [2022-01-09T20:23:36.720Z] [runtime-status] [7713] Resolved module firebase-admin {"declared":true,"installed":true,"version":"9.12.0","resolution":"/mnt/c/Users/georg/amazon_clone/amazon_clone/functions/node_modules/firebase-admin/lib/index.js"} {"metadata":{"emulator":{"name":"functions"},"function":{"name":"us-central1-api"},"message":"[runtime-status] [7713] Resolved module firebase-admin {\"declared\":true,\"installed\":true,\"version\":\"9.12.0\",\"resolution\":\"/mnt/c/Users/georg/amazon_clone/amazon_clone/functions/node_modules/firebase-admin/lib/index.js\"}"}}
[debug] [2022-01-09T20:23:36.739Z] [runtime-status] [7713] Resolved module firebase-functions {"declared":true,"installed":true,"version":"3.16.0","resolution":"/mnt/c/Users/georg/amazon_clone/amazon_clone/functions/node_modules/firebase-functions/lib/index.js"} {"metadata":{"emulator":{"name":"functions"},"function":{"name":"us-central1-api"},"message":"[runtime-status] [7713] Resolved module firebase-functions {\"declared\":true,\"installed\":true,\"version\":\"3.16.0\",\"resolution\":\"/mnt/c/Users/georg/amazon_clone/amazon_clone/functions/node_modules/firebase-functions/lib/index.js\"}"}}
[debug] [2022-01-09T20:23:36.742Z] [runtime-status] [7713] Outgoing network have been stubbed. [{"name":"http","status":"mocked"},{"name":"http","status":"mocked"},{"name":"https","status":"mocked"},{"name":"https","status":"mocked"},{"name":"net","status":"mocked"}] {"metadata":{"emulator":{"name":"functions"},"function":{"name":"us-central1-api"},"message":"[runtime-status] [7713] Outgoing network have been stubbed. [{\"name\":\"http\",\"status\":\"mocked\"},{\"name\":\"http\",\"status\":\"mocked\"},{\"name\":\"https\",\"status\":\"mocked\"},{\"name\":\"https\",\"status\":\"mocked\"},{\"name\":\"net\",\"status\":\"mocked\"}]"}}
[debug] [2022-01-09T20:23:36.751Z] [runtime-status] [7713] Resolved module firebase-functions {"declared":true,"installed":true,"version":"3.16.0","resolution":"/mnt/c/Users/georg/amazon_clone/amazon_clone/functions/node_modules/firebase-functions/lib/index.js"} {"metadata":{"emulator":{"name":"functions"},"function":{"name":"us-central1-api"},"message":"[runtime-status] [7713] Resolved module firebase-functions {\"declared\":true,\"installed\":true,\"version\":\"3.16.0\",\"resolution\":\"/mnt/c/Users/georg/amazon_clone/amazon_clone/functions/node_modules/firebase-functions/lib/index.js\"}"}}
[debug] [2022-01-09T20:23:37.269Z] [runtime-status] [7713] Checked functions.config() {"config":{}} {"metadata":{"emulator":{"name":"functions"},"function":{"name":"us-central1-api"},"message":"[runtime-status] [7713] Checked functions.config() {\"config\":{}}"}}
[debug] [2022-01-09T20:23:37.269Z] [runtime-status] [7713] firebase-functions has been stubbed. {"functionsResolution":{"declared":true,"installed":true,"version":"3.16.0","resolution":"/mnt/c/Users/georg/amazon_clone/amazon_clone/functions/node_modules/firebase-functions/lib/index.js"}} {"metadata":{"emulator":{"name":"functions"},"function":{"name":"us-central1-api"},"message":"[runtime-status] [7713] firebase-functions has been stubbed. {\"functionsResolution\":{\"declared\":true,\"installed\":true,\"version\":\"3.16.0\",\"resolution\":\"/mnt/c/Users/georg/amazon_clone/amazon_clone/functions/node_modules/firebase-functions/lib/index.js\"}}"}}
[debug] [2022-01-09T20:23:37.282Z] [runtime-status] [7713] Resolved module firebase-functions {"declared":true,"installed":true,"version":"3.16.0","resolution":"/mnt/c/Users/georg/amazon_clone/amazon_clone/functions/node_modules/firebase-functions/lib/index.js"} {"metadata":{"emulator":{"name":"functions"},"function":{"name":"us-central1-api"},"message":"[runtime-status] [7713] Resolved module firebase-functions {\"declared\":true,\"installed\":true,\"version\":\"3.16.0\",\"resolution\":\"/mnt/c/Users/georg/amazon_clone/amazon_clone/functions/node_modules/firebase-functions/lib/index.js\"}"}}
[debug] [2022-01-09T20:23:37.300Z] [runtime-status] [7713] Resolved module firebase-admin {"declared":true,"installed":true,"version":"9.12.0","resolution":"/mnt/c/Users/georg/amazon_clone/amazon_clone/functions/node_modules/firebase-admin/lib/index.js"} {"metadata":{"emulator":{"name":"functions"},"function":{"name":"us-central1-api"},"message":"[runtime-status] [7713] Resolved module firebase-admin {\"declared\":true,\"installed\":true,\"version\":\"9.12.0\",\"resolution\":\"/mnt/c/Users/georg/amazon_clone/amazon_clone/functions/node_modules/firebase-admin/lib/index.js\"}"}}
[debug] [2022-01-09T20:23:37.315Z] [runtime-status] [7713] Resolved module firebase-functions {"declared":true,"installed":true,"version":"3.16.0","resolution":"/mnt/c/Users/georg/amazon_clone/amazon_clone/functions/node_modules/firebase-functions/lib/index.js"} {"metadata":{"emulator":{"name":"functions"},"function":{"name":"us-central1-api"},"message":"[runtime-status] [7713] Resolved module firebase-functions {\"declared\":true,\"installed\":true,\"version\":\"3.16.0\",\"resolution\":\"/mnt/c/Users/georg/amazon_clone/amazon_clone/functions/node_modules/firebase-functions/lib/index.js\"}"}}
[debug] [2022-01-09T20:23:37.315Z] [runtime-status] [7713] firebase-admin has been stubbed. {"adminResolution":{"declared":true,"installed":true,"version":"9.12.0","resolution":"/mnt/c/Users/georg/amazon_clone/amazon_clone/functions/node_modules/firebase-admin/lib/index.js"}} {"metadata":{"emulator":{"name":"functions"},"function":{"name":"us-central1-api"},"message":"[runtime-status] [7713] firebase-admin has been stubbed. {\"adminResolution\":{\"declared\":true,\"installed\":true,\"version\":\"9.12.0\",\"resolution\":\"/mnt/c/Users/georg/amazon_clone/amazon_clone/functions/node_modules/firebase-admin/lib/index.js\"}}"}}
[debug] [2022-01-09T20:23:39.860Z] [runtime-status] [7713] Trigger "us-central1-api" has been found, beginning invocation! {"metadata":{"emulator":{"name":"functions"},"function":{"name":"us-central1-api"},"message":"[runtime-status] [7713] Trigger \"us-central1-api\" has been found, beginning invocation!"}}
[info] i  functions: Beginning execution of "us-central1-api" {"metadata":{"emulator":{"name":"functions"},"function":{"name":"us-central1-api"},"message":"Beginning execution of \"us-central1-api\""}}
[debug] [2022-01-09T20:23:39.861Z] [runtime-status] [7713] triggerDefinition {"httpsTrigger":{},"name":"api","entryPoint":"api","regions":["us-central1"],"region":"us-central1","id":"us-central1-api","platform":"gcfv1"} {"metadata":{"emulator":{"name":"functions"},"function":{"name":"us-central1-api"},"message":"[runtime-status] [7713] triggerDefinition {\"httpsTrigger\":{},\"name\":\"api\",\"entryPoint\":\"api\",\"regions\":[\"us-central1\"],\"region\":\"us-central1\",\"id\":\"us-central1-api\",\"platform\":\"gcfv1\"}"}}
[debug] [2022-01-09T20:23:39.861Z] [runtime-status] [7713] Running us-central1-api in signature http {"metadata":{"emulator":{"name":"functions"},"function":{"name":"us-central1-api"},"message":"[runtime-status] [7713] Running us-central1-api in signature http"}}
[debug] [2022-01-09T20:23:39.862Z] [runtime-status] [7713] Attempting to listen to socketPath: /tmp/fire_emu_7713.sock {"metadata":{"emulator":{"name":"functions"},"function":{"name":"us-central1-api"},"message":"[runtime-status] [7713] Attempting to listen to socketPath: /tmp/fire_emu_7713.sock"}}
[debug] [2022-01-09T20:23:39.865Z] [functions] Runtime ready! Sending request! {"metadata":{"emulator":{"name":"functions"},"message":"[functions] Runtime ready! Sending request!"}}
[debug] [2022-01-09T20:23:39.865Z] [functions] Got req.url=/challenge-266d2/us-central1/api/payments/create?total=7996, mapping to path=/payments/create?total=7996 {"metadata":{"emulator":{"name":"functions"},"message":"[functions] Got req.url=/challenge-266d2/us-central1/api/payments/create?total=7996, mapping to path=/payments/create?total=7996"}}
[debug] [2022-01-09T20:23:39.871Z] [runtime-status] [7713] Ephemeral server handling POST request {"metadata":{"emulator":{"name":"functions"},"function":{"name":"us-central1-api"},"message":"[runtime-status] [7713] Ephemeral server handling POST request"}}
[info] >  Payment Request Received BOOM! for this amount >>>  7996 {"user":"Payment Request Received BOOM! for this amount >>>  7996","metadata":{"emulator":{"name":"functions"},"function":{"name":"us-central1-api"},"message":"\u001b[90m> \u001b[39m Payment Request Received BOOM! for this amount >>>  7996"}}
[debug] [2022-01-09T20:23:39.875Z] [runtime-status] [7713] Ephemeral server survived. {"metadata":{"emulator":{"name":"functions"},"function":{"name":"us-central1-api"},"message":"[runtime-status] [7713] Ephemeral server survived."}}
[info] >  /mnt/c/Users/georg/amazon_clone/amazon_clone/functions/index.js:22 {"user":"/mnt/c/Users/georg/amazon_clone/amazon_clone/functions/index.js:22","metadata":{"emulator":{"name":"functions"},"function":{"name":"us-central1-api"},"message":"\u001b[90m> \u001b[39m /mnt/c/Users/georg/amazon_clone/amazon_clone/functions/index.js:22"}}
[info] >    const paymentIntent = await stripe.PaymentIntent.create({ {"user":"  const paymentIntent = await stripe.PaymentIntent.create({","metadata":{"emulator":{"name":"functions"},"function":{"name":"us-central1-api"},"message":"\u001b[90m> \u001b[39m   const paymentIntent = await stripe.PaymentIntent.create({"}}
[info] >                                                     ^ {"user":"                                                   ^","metadata":{"emulator":{"name":"functions"},"function":{"name":"us-central1-api"},"message":"\u001b[90m> \u001b[39m                                                    ^"}}
[info] >   {"user":"","metadata":{"emulator":{"name":"functions"},"function":{"name":"us-central1-api"},"message":"\u001b[90m> \u001b[39m "}}
[info] >  TypeError: Cannot read properties of undefined (reading 'create') {"user":"TypeError: Cannot read properties of undefined (reading 'create')","metadata":{"emulator":{"name":"functions"},"function":{"name":"us-central1-api"},"message":"\u001b[90m> \u001b[39m TypeError: Cannot read properties of undefined (reading 'create')"}}
[info] >      at /mnt/c/Users/georg/amazon_clone/amazon_clone/functions/index.js:22:52 {"user":"    at /mnt/c/Users/georg/amazon_clone/amazon_clone/functions/index.js:22:52","metadata":{"emulator":{"name":"functions"},"function":{"name":"us-central1-api"},"message":"\u001b[90m> \u001b[39m     at /mnt/c/Users/georg/amazon_clone/amazon_clone/functions/index.js:22:52"}}
[info] >      at Layer.handle [as handle_request] (/mnt/c/Users/georg/amazon_clone/amazon_clone/functions/node_modules/express/lib/router/layer.js:95:5) {"user":"    at Layer.handle [as handle_request] (/mnt/c/Users/georg/amazon_clone/amazon_clone/functions/node_modules/express/lib/router/layer.js:95:5)","metadata":{"emulator":{"name":"functions"},"function":{"name":"us-central1-api"},"message":"\u001b[90m> \u001b[39m     at Layer.handle [as handle_request] (/mnt/c/Users/georg/amazon_clone/amazon_clone/functions/node_modules/express/lib/router/layer.js:95:5)"}}
[info] >      at next (/mnt/c/Users/georg/amazon_clone/amazon_clone/functions/node_modules/express/lib/router/route.js:137:13) {"user":"    at next (/mnt/c/Users/georg/amazon_clone/amazon_clone/functions/node_modules/express/lib/router/route.js:137:13)","metadata":{"emulator":{"name":"functions"},"function":{"name":"us-central1-api"},"message":"\u001b[90m> \u001b[39m     at next (/mnt/c/Users/georg/amazon_clone/amazon_clone/functions/node_modules/express/lib/router/route.js:137:13)"}}
[info] >      at Route.dispatch (/mnt/c/Users/georg/amazon_clone/amazon_clone/functions/node_modules/express/lib/router/route.js:112:3) {"user":"    at Route.dispatch (/mnt/c/Users/georg/amazon_clone/amazon_clone/functions/node_modules/express/lib/router/route.js:112:3)","metadata":{"emulator":{"name":"functions"},"function":{"name":"us-central1-api"},"message":"\u001b[90m> \u001b[39m     at Route.dispatch (/mnt/c/Users/georg/amazon_clone/amazon_clone/functions/node_modules/express/lib/router/route.js:112:3)"}}
[info] >      at Layer.handle [as handle_request] (/mnt/c/Users/georg/amazon_clone/amazon_clone/functions/node_modules/express/lib/router/layer.js:95:5) {"user":"    at Layer.handle [as handle_request] (/mnt/c/Users/georg/amazon_clone/amazon_clone/functions/node_modules/express/lib/router/layer.js:95:5)","metadata":{"emulator":{"name":"functions"},"function":{"name":"us-central1-api"},"message":"\u001b[90m> \u001b[39m     at Layer.handle [as handle_request] (/mnt/c/Users/georg/amazon_clone/amazon_clone/functions/node_modules/express/lib/router/layer.js:95:5)"}}
[info] >      at /mnt/c/Users/georg/amazon_clone/amazon_clone/functions/node_modules/express/lib/router/index.js:281:22 {"user":"    at /mnt/c/Users/georg/amazon_clone/amazon_clone/functions/node_modules/express/lib/router/index.js:281:22","metadata":{"emulator":{"name":"functions"},"function":{"name":"us-central1-api"},"message":"\u001b[90m> \u001b[39m     at /mnt/c/Users/georg/amazon_clone/amazon_clone/functions/node_modules/express/lib/router/index.js:281:22"}}
[info] >      at Function.process_params (/mnt/c/Users/georg/amazon_clone/amazon_clone/functions/node_modules/express/lib/router/index.js:341:12) {"user":"    at Function.process_params (/mnt/c/Users/georg/amazon_clone/amazon_clone/functions/node_modules/express/lib/router/index.js:341:12)","metadata":{"emulator":{"name":"functions"},"function":{"name":"us-central1-api"},"message":"\u001b[90m> \u001b[39m     at Function.process_params (/mnt/c/Users/georg/amazon_clone/amazon_clone/functions/node_modules/express/lib/router/index.js:341:12)"}}
[info] >      at next (/mnt/c/Users/georg/amazon_clone/amazon_clone/functions/node_modules/express/lib/router/index.js:275:10) {"user":"    at next (/mnt/c/Users/georg/amazon_clone/amazon_clone/functions/node_modules/express/lib/router/index.js:275:10)","metadata":{"emulator":{"name":"functions"},"function":{"name":"us-central1-api"},"message":"\u001b[90m> \u001b[39m     at next (/mnt/c/Users/georg/amazon_clone/amazon_clone/functions/node_modules/express/lib/router/index.js:275:10)"}}
[info] >      at jsonParser (/mnt/c/Users/georg/amazon_clone/amazon_clone/functions/node_modules/body-parser/lib/types/json.js:119:7) {"user":"    at jsonParser (/mnt/c/Users/georg/amazon_clone/amazon_clone/functions/node_modules/body-parser/lib/types/json.js:119:7)","metadata":{"emulator":{"name":"functions"},"function":{"name":"us-central1-api"},"message":"\u001b[90m> \u001b[39m     at jsonParser (/mnt/c/Users/georg/amazon_clone/amazon_clone/functions/node_modules/body-parser/lib/types/json.js:119:7)"}}
[info] >      at Layer.handle [as handle_request] (/mnt/c/Users/georg/amazon_clone/amazon_clone/functions/node_modules/express/lib/router/layer.js:95:5) {"user":"    at Layer.handle [as handle_request] (/mnt/c/Users/georg/amazon_clone/amazon_clone/functions/node_modules/express/lib/router/layer.js:95:5)","metadata":{"emulator":{"name":"functions"},"function":{"name":"us-central1-api"},"message":"\u001b[90m> \u001b[39m     at Layer.handle [as handle_request] (/mnt/c/Users/georg/amazon_clone/amazon_clone/functions/node_modules/express/lib/router/layer.js:95:5)"}}
[debug] [2022-01-09T20:23:39.881Z] [worker-us-central1-api-d0fbe3ab-bb47-4751-9f32-bd6be3a332e3]: exited {"metadata":{"emulator":{"name":"functions"},"message":"[worker-us-central1-api-d0fbe3ab-bb47-4751-9f32-bd6be3a332e3]: exited"}}
[debug] [2022-01-09T20:23:39.881Z] [worker-us-central1-api-d0fbe3ab-bb47-4751-9f32-bd6be3a332e3]: FINISHED {"metadata":{"emulator":{"name":"functions"},"message":"[worker-us-central1-api-d0fbe3ab-bb47-4751-9f32-bd6be3a332e3]: FINISHED"}}
[debug] [2022-01-09T20:23:39.881Z] [work-queue] {"queueLength":0,"workRunningCount":0}
[debug] [2022-01-09T20:30:37.724Z] [work-queue] {"queueLength":1,"workRunningCount":0}
[debug] [2022-01-09T20:30:37.724Z] [work-queue] {"queueLength":0,"workRunningCount":1}
[debug] [2022-01-09T20:30:37.724Z] Accepted request POST /challenge-266d2/us-central1/api/payments/create?total=3998 --> us-central1-api
[debug] [2022-01-09T20:30:37.725Z] [worker-pool] Cleaned up workers for us-central1-api: 1 --> 0 {"metadata":{"emulator":{"name":"functions"},"message":"[worker-pool] Cleaned up workers for us-central1-api: 1 --> 0"}}
[debug] [2022-01-09T20:30:37.730Z] [worker-pool] addWorker(us-central1-api) {"metadata":{"emulator":{"name":"functions"},"message":"[worker-pool] addWorker(us-central1-api)"}}
[debug] [2022-01-09T20:30:37.730Z] [worker-pool] Adding worker with key us-central1-api, total=1 {"metadata":{"emulator":{"name":"functions"},"message":"[worker-pool] Adding worker with key us-central1-api, total=1"}}
[debug] [2022-01-09T20:30:37.730Z] [worker-pool] submitWork(triggerId=us-central1-api) {"metadata":{"emulator":{"name":"functions"},"message":"[worker-pool] submitWork(triggerId=us-central1-api)"}}
[debug] [2022-01-09T20:30:37.730Z] [worker-us-central1-api-491c3f78-5a1a-4356-9078-0ab77fbd8b01]: Assigning socketPath: /tmp/fire_emu_8388.sock {"metadata":{"emulator":{"name":"functions"},"message":"[worker-us-central1-api-491c3f78-5a1a-4356-9078-0ab77fbd8b01]: Assigning socketPath: /tmp/fire_emu_8388.sock"}}
[debug] [2022-01-09T20:30:37.730Z] [worker-us-central1-api-491c3f78-5a1a-4356-9078-0ab77fbd8b01]: BUSY {"metadata":{"emulator":{"name":"functions"},"message":"[worker-us-central1-api-491c3f78-5a1a-4356-9078-0ab77fbd8b01]: BUSY"}}
[debug] [2022-01-09T20:30:37.808Z] [runtime-status] [8388] Functions runtime initialized. {"cwd":"/mnt/c/Users/georg/amazon_clone/amazon_clone/functions","node_version":"16.13.1"} {"metadata":{"emulator":{"name":"functions"},"function":{"name":"us-central1-api"},"message":"[runtime-status] [8388] Functions runtime initialized. {\"cwd\":\"/mnt/c/Users/georg/amazon_clone/amazon_clone/functions\",\"node_version\":\"16.13.1\"}"}}
[debug] [2022-01-09T20:30:37.809Z] [runtime-status] [8388] Disabled runtime features: undefined {"metadata":{"emulator":{"name":"functions"},"function":{"name":"us-central1-api"},"message":"[runtime-status] [8388] Disabled runtime features: undefined"}}
[debug] [2022-01-09T20:30:37.870Z] [runtime-status] [8388] Resolved module firebase-admin {"declared":true,"installed":true,"version":"9.12.0","resolution":"/mnt/c/Users/georg/amazon_clone/amazon_clone/functions/node_modules/firebase-admin/lib/index.js"} {"metadata":{"emulator":{"name":"functions"},"function":{"name":"us-central1-api"},"message":"[runtime-status] [8388] Resolved module firebase-admin {\"declared\":true,\"installed\":true,\"version\":\"9.12.0\",\"resolution\":\"/mnt/c/Users/georg/amazon_clone/amazon_clone/functions/node_modules/firebase-admin/lib/index.js\"}"}}
[debug] [2022-01-09T20:30:37.901Z] [runtime-status] [8388] Resolved module firebase-functions {"declared":true,"installed":true,"version":"3.16.0","resolution":"/mnt/c/Users/georg/amazon_clone/amazon_clone/functions/node_modules/firebase-functions/lib/index.js"} {"metadata":{"emulator":{"name":"functions"},"function":{"name":"us-central1-api"},"message":"[runtime-status] [8388] Resolved module firebase-functions {\"declared\":true,\"installed\":true,\"version\":\"3.16.0\",\"resolution\":\"/mnt/c/Users/georg/amazon_clone/amazon_clone/functions/node_modules/firebase-functions/lib/index.js\"}"}}
[debug] [2022-01-09T20:30:37.903Z] [runtime-status] [8388] Outgoing network have been stubbed. [{"name":"http","status":"mocked"},{"name":"http","status":"mocked"},{"name":"https","status":"mocked"},{"name":"https","status":"mocked"},{"name":"net","status":"mocked"}] {"metadata":{"emulator":{"name":"functions"},"function":{"name":"us-central1-api"},"message":"[runtime-status] [8388] Outgoing network have been stubbed. [{\"name\":\"http\",\"status\":\"mocked\"},{\"name\":\"http\",\"status\":\"mocked\"},{\"name\":\"https\",\"status\":\"mocked\"},{\"name\":\"https\",\"status\":\"mocked\"},{\"name\":\"net\",\"status\":\"mocked\"}]"}}
[debug] [2022-01-09T20:30:37.921Z] [runtime-status] [8388] Resolved module firebase-functions {"declared":true,"installed":true,"version":"3.16.0","resolution":"/mnt/c/Users/georg/amazon_clone/amazon_clone/functions/node_modules/firebase-functions/lib/index.js"} {"metadata":{"emulator":{"name":"functions"},"function":{"name":"us-central1-api"},"message":"[runtime-status] [8388] Resolved module firebase-functions {\"declared\":true,\"installed\":true,\"version\":\"3.16.0\",\"resolution\":\"/mnt/c/Users/georg/amazon_clone/amazon_clone/functions/node_modules/firebase-functions/lib/index.js\"}"}}
[debug] [2022-01-09T20:30:38.967Z] [runtime-status] [8388] Checked functions.config() {"config":{}} {"metadata":{"emulator":{"name":"functions"},"function":{"name":"us-central1-api"},"message":"[runtime-status] [8388] Checked functions.config() {\"config\":{}}"}}
[debug] [2022-01-09T20:30:38.967Z] [runtime-status] [8388] firebase-functions has been stubbed. {"functionsResolution":{"declared":true,"installed":true,"version":"3.16.0","resolution":"/mnt/c/Users/georg/amazon_clone/amazon_clone/functions/node_modules/firebase-functions/lib/index.js"}} {"metadata":{"emulator":{"name":"functions"},"function":{"name":"us-central1-api"},"message":"[runtime-status] [8388] firebase-functions has been stubbed. {\"functionsResolution\":{\"declared\":true,\"installed\":true,\"version\":\"3.16.0\",\"resolution\":\"/mnt/c/Users/georg/amazon_clone/amazon_clone/functions/node_modules/firebase-functions/lib/index.js\"}}"}}
[debug] [2022-01-09T20:30:38.986Z] [runtime-status] [8388] Resolved module firebase-functions {"declared":true,"installed":true,"version":"3.16.0","resolution":"/mnt/c/Users/georg/amazon_clone/amazon_clone/functions/node_modules/firebase-functions/lib/index.js"} {"metadata":{"emulator":{"name":"functions"},"function":{"name":"us-central1-api"},"message":"[runtime-status] [8388] Resolved module firebase-functions {\"declared\":true,\"installed\":true,\"version\":\"3.16.0\",\"resolution\":\"/mnt/c/Users/georg/amazon_clone/amazon_clone/functions/node_modules/firebase-functions/lib/index.js\"}"}}
[debug] [2022-01-09T20:30:39.015Z] [runtime-status] [8388] Resolved module firebase-admin {"declared":true,"installed":true,"version":"9.12.0","resolution":"/mnt/c/Users/georg/amazon_clone/amazon_clone/functions/node_modules/firebase-admin/lib/index.js"} {"metadata":{"emulator":{"name":"functions"},"function":{"name":"us-central1-api"},"message":"[runtime-status] [8388] Resolved module firebase-admin {\"declared\":true,\"installed\":true,\"version\":\"9.12.0\",\"resolution\":\"/mnt/c/Users/georg/amazon_clone/amazon_clone/functions/node_modules/firebase-admin/lib/index.js\"}"}}
[debug] [2022-01-09T20:30:39.028Z] [runtime-status] [8388] Resolved module firebase-functions {"declared":true,"installed":true,"version":"3.16.0","resolution":"/mnt/c/Users/georg/amazon_clone/amazon_clone/functions/node_modules/firebase-functions/lib/index.js"} {"metadata":{"emulator":{"name":"functions"},"function":{"name":"us-central1-api"},"message":"[runtime-status] [8388] Resolved module firebase-functions {\"declared\":true,\"installed\":true,\"version\":\"3.16.0\",\"resolution\":\"/mnt/c/Users/georg/amazon_clone/amazon_clone/functions/node_modules/firebase-functions/lib/index.js\"}"}}
[debug] [2022-01-09T20:30:39.029Z] [runtime-status] [8388] firebase-admin has been stubbed. {"adminResolution":{"declared":true,"installed":true,"version":"9.12.0","resolution":"/mnt/c/Users/georg/amazon_clone/amazon_clone/functions/node_modules/firebase-admin/lib/index.js"}} {"metadata":{"emulator":{"name":"functions"},"function":{"name":"us-central1-api"},"message":"[runtime-status] [8388] firebase-admin has been stubbed. {\"adminResolution\":{\"declared\":true,\"installed\":true,\"version\":\"9.12.0\",\"resolution\":\"/mnt/c/Users/georg/amazon_clone/amazon_clone/functions/node_modules/firebase-admin/lib/index.js\"}}"}}
[debug] [2022-01-09T20:30:43.298Z] [runtime-status] [8388] Trigger "us-central1-api" has been found, beginning invocation! {"metadata":{"emulator":{"name":"functions"},"function":{"name":"us-central1-api"},"message":"[runtime-status] [8388] Trigger \"us-central1-api\" has been found, beginning invocation!"}}
[info] i  functions: Beginning execution of "us-central1-api" {"metadata":{"emulator":{"name":"functions"},"function":{"name":"us-central1-api"},"message":"Beginning execution of \"us-central1-api\""}}
[debug] [2022-01-09T20:30:43.299Z] [runtime-status] [8388] triggerDefinition {"httpsTrigger":{},"name":"api","entryPoint":"api","regions":["us-central1"],"region":"us-central1","id":"us-central1-api","platform":"gcfv1"} {"metadata":{"emulator":{"name":"functions"},"function":{"name":"us-central1-api"},"message":"[runtime-status] [8388] triggerDefinition {\"httpsTrigger\":{},\"name\":\"api\",\"entryPoint\":\"api\",\"regions\":[\"us-central1\"],\"region\":\"us-central1\",\"id\":\"us-central1-api\",\"platform\":\"gcfv1\"}"}}
[debug] [2022-01-09T20:30:43.299Z] [runtime-status] [8388] Running us-central1-api in signature http {"metadata":{"emulator":{"name":"functions"},"function":{"name":"us-central1-api"},"message":"[runtime-status] [8388] Running us-central1-api in signature http"}}
[debug] [2022-01-09T20:30:43.300Z] [runtime-status] [8388] Attempting to listen to socketPath: /tmp/fire_emu_8388.sock {"metadata":{"emulator":{"name":"functions"},"function":{"name":"us-central1-api"},"message":"[runtime-status] [8388] Attempting to listen to socketPath: /tmp/fire_emu_8388.sock"}}
[debug] [2022-01-09T20:30:43.302Z] [functions] Runtime ready! Sending request! {"metadata":{"emulator":{"name":"functions"},"message":"[functions] Runtime ready! Sending request!"}}
[debug] [2022-01-09T20:30:43.302Z] [functions] Got req.url=/challenge-266d2/us-central1/api/payments/create?total=3998, mapping to path=/payments/create?total=3998 {"metadata":{"emulator":{"name":"functions"},"message":"[functions] Got req.url=/challenge-266d2/us-central1/api/payments/create?total=3998, mapping to path=/payments/create?total=3998"}}
[debug] [2022-01-09T20:30:43.307Z] [runtime-status] [8388] Ephemeral server handling POST request {"metadata":{"emulator":{"name":"functions"},"function":{"name":"us-central1-api"},"message":"[runtime-status] [8388] Ephemeral server handling POST request"}}
[info] >  Payment Request Received BOOM! for this amount >>>  3998 {"user":"Payment Request Received BOOM! for this amount >>>  3998","metadata":{"emulator":{"name":"functions"},"function":{"name":"us-central1-api"},"message":"\u001b[90m> \u001b[39m Payment Request Received BOOM! for this amount >>>  3998"}}
[debug] [2022-01-09T20:30:43.310Z] [runtime-status] [8388] Ephemeral server survived. {"metadata":{"emulator":{"name":"functions"},"function":{"name":"us-central1-api"},"message":"[runtime-status] [8388] Ephemeral server survived."}}
[info] >  /mnt/c/Users/georg/amazon_clone/amazon_clone/functions/index.js:22 {"user":"/mnt/c/Users/georg/amazon_clone/amazon_clone/functions/index.js:22","metadata":{"emulator":{"name":"functions"},"function":{"name":"us-central1-api"},"message":"\u001b[90m> \u001b[39m /mnt/c/Users/georg/amazon_clone/amazon_clone/functions/index.js:22"}}
[info] >    const paymentIntent = await stripe.PaymentIntent.create({ {"user":"  const paymentIntent = await stripe.PaymentIntent.create({","metadata":{"emulator":{"name":"functions"},"function":{"name":"us-central1-api"},"message":"\u001b[90m> \u001b[39m   const paymentIntent = await stripe.PaymentIntent.create({"}}
[info] >                                                     ^ {"user":"                                                   ^","metadata":{"emulator":{"name":"functions"},"function":{"name":"us-central1-api"},"message":"\u001b[90m> \u001b[39m                                                    ^"}}
[info] >   {"user":"","metadata":{"emulator":{"name":"functions"},"function":{"name":"us-central1-api"},"message":"\u001b[90m> \u001b[39m "}}
[info] >  TypeError: Cannot read properties of undefined (reading 'create') {"user":"TypeError: Cannot read properties of undefined (reading 'create')","metadata":{"emulator":{"name":"functions"},"function":{"name":"us-central1-api"},"message":"\u001b[90m> \u001b[39m TypeError: Cannot read properties of undefined (reading 'create')"}}
[info] >      at /mnt/c/Users/georg/amazon_clone/amazon_clone/functions/index.js:22:52 {"user":"    at /mnt/c/Users/georg/amazon_clone/amazon_clone/functions/index.js:22:52","metadata":{"emulator":{"name":"functions"},"function":{"name":"us-central1-api"},"message":"\u001b[90m> \u001b[39m     at /mnt/c/Users/georg/amazon_clone/amazon_clone/functions/index.js:22:52"}}
[info] >      at Layer.handle [as handle_request] (/mnt/c/Users/georg/amazon_clone/amazon_clone/functions/node_modules/express/lib/router/layer.js:95:5) {"user":"    at Layer.handle [as handle_request] (/mnt/c/Users/georg/amazon_clone/amazon_clone/functions/node_modules/express/lib/router/layer.js:95:5)","metadata":{"emulator":{"name":"functions"},"function":{"name":"us-central1-api"},"message":"\u001b[90m> \u001b[39m     at Layer.handle [as handle_request] (/mnt/c/Users/georg/amazon_clone/amazon_clone/functions/node_modules/express/lib/router/layer.js:95:5)"}}
[info] >      at next (/mnt/c/Users/georg/amazon_clone/amazon_clone/functions/node_modules/express/lib/router/route.js:137:13) {"user":"    at next (/mnt/c/Users/georg/amazon_clone/amazon_clone/functions/node_modules/express/lib/router/route.js:137:13)","metadata":{"emulator":{"name":"functions"},"function":{"name":"us-central1-api"},"message":"\u001b[90m> \u001b[39m     at next (/mnt/c/Users/georg/amazon_clone/amazon_clone/functions/node_modules/express/lib/router/route.js:137:13)"}}
[info] >      at Route.dispatch (/mnt/c/Users/georg/amazon_clone/amazon_clone/functions/node_modules/express/lib/router/route.js:112:3) {"user":"    at Route.dispatch (/mnt/c/Users/georg/amazon_clone/amazon_clone/functions/node_modules/express/lib/router/route.js:112:3)","metadata":{"emulator":{"name":"functions"},"function":{"name":"us-central1-api"},"message":"\u001b[90m> \u001b[39m     at Route.dispatch (/mnt/c/Users/georg/amazon_clone/amazon_clone/functions/node_modules/express/lib/router/route.js:112:3)"}}
[info] >      at Layer.handle [as handle_request] (/mnt/c/Users/georg/amazon_clone/amazon_clone/functions/node_modules/express/lib/router/layer.js:95:5) {"user":"    at Layer.handle [as handle_request] (/mnt/c/Users/georg/amazon_clone/amazon_clone/functions/node_modules/express/lib/router/layer.js:95:5)","metadata":{"emulator":{"name":"functions"},"function":{"name":"us-central1-api"},"message":"\u001b[90m> \u001b[39m     at Layer.handle [as handle_request] (/mnt/c/Users/georg/amazon_clone/amazon_clone/functions/node_modules/express/lib/router/layer.js:95:5)"}}
[info] >      at /mnt/c/Users/georg/amazon_clone/amazon_clone/functions/node_modules/express/lib/router/index.js:281:22 {"user":"    at /mnt/c/Users/georg/amazon_clone/amazon_clone/functions/node_modules/express/lib/router/index.js:281:22","metadata":{"emulator":{"name":"functions"},"function":{"name":"us-central1-api"},"message":"\u001b[90m> \u001b[39m     at /mnt/c/Users/georg/amazon_clone/amazon_clone/functions/node_modules/express/lib/router/index.js:281:22"}}
[info] >      at Function.process_params (/mnt/c/Users/georg/amazon_clone/amazon_clone/functions/node_modules/express/lib/router/index.js:341:12) {"user":"    at Function.process_params (/mnt/c/Users/georg/amazon_clone/amazon_clone/functions/node_modules/express/lib/router/index.js:341:12)","metadata":{"emulator":{"name":"functions"},"function":{"name":"us-central1-api"},"message":"\u001b[90m> \u001b[39m     at Function.process_params (/mnt/c/Users/georg/amazon_clone/amazon_clone/functions/node_modules/express/lib/router/index.js:341:12)"}}
[info] >      at next (/mnt/c/Users/georg/amazon_clone/amazon_clone/functions/node_modules/express/lib/router/index.js:275:10) {"user":"    at next (/mnt/c/Users/georg/amazon_clone/amazon_clone/functions/node_modules/express/lib/router/index.js:275:10)","metadata":{"emulator":{"name":"functions"},"function":{"name":"us-central1-api"},"message":"\u001b[90m> \u001b[39m     at next (/mnt/c/Users/georg/amazon_clone/amazon_clone/functions/node_modules/express/lib/router/index.js:275:10)"}}
[info] >      at jsonParser (/mnt/c/Users/georg/amazon_clone/amazon_clone/functions/node_modules/body-parser/lib/types/json.js:119:7) {"user":"    at jsonParser (/mnt/c/Users/georg/amazon_clone/amazon_clone/functions/node_modules/body-parser/lib/types/json.js:119:7)","metadata":{"emulator":{"name":"functions"},"function":{"name":"us-central1-api"},"message":"\u001b[90m> \u001b[39m     at jsonParser (/mnt/c/Users/georg/amazon_clone/amazon_clone/functions/node_modules/body-parser/lib/types/json.js:119:7)"}}
[info] >      at Layer.handle [as handle_request] (/mnt/c/Users/georg/amazon_clone/amazon_clone/functions/node_modules/express/lib/router/layer.js:95:5) {"user":"    at Layer.handle [as handle_request] (/mnt/c/Users/georg/amazon_clone/amazon_clone/functions/node_modules/express/lib/router/layer.js:95:5)","metadata":{"emulator":{"name":"functions"},"function":{"name":"us-central1-api"},"message":"\u001b[90m> \u001b[39m     at Layer.handle [as handle_request] (/mnt/c/Users/georg/amazon_clone/amazon_clone/functions/node_modules/express/lib/router/layer.js:95:5)"}}
[debug] [2022-01-09T20:30:43.316Z] [worker-us-central1-api-491c3f78-5a1a-4356-9078-0ab77fbd8b01]: exited {"metadata":{"emulator":{"name":"functions"},"message":"[worker-us-central1-api-491c3f78-5a1a-4356-9078-0ab77fbd8b01]: exited"}}
[debug] [2022-01-09T20:30:43.316Z] [worker-us-central1-api-491c3f78-5a1a-4356-9078-0ab77fbd8b01]: FINISHED {"metadata":{"emulator":{"name":"functions"},"message":"[worker-us-central1-api-491c3f78-5a1a-4356-9078-0ab77fbd8b01]: FINISHED"}}
[debug] [2022-01-09T20:30:43.316Z] [work-queue] {"queueLength":0,"workRunningCount":0}
